-----------------------------------------------------------------------------------------------------------------------------
      name:  <unnamed>
       log:  C:\Users\user\Documents\GitHub\GWAS\examine_nan.log
  log type:  text
 opened on:  20 Aug 2021, 09:32:49

. global plinkpath "C:\plink\plink.exe"

. global plink2path "C:\plink2\plink2.exe"

. global datatwb1 "C:\TWB_2021\TWB1_data\TWBR10810-06_TWB1"

. global datatwb2 "C:\TWB_2021\TWB2_data\TWBR10810-06_TWB2"

. local datafile "$datatwb1 $datatwb2"

. foreach dataf of local datafile{
  2.     if "`dataf'"=="C:\TWB_2021\TWB1_data\TWBR10810-06_TWB1"{
  3.             global data "C:\TWB_2021\TWB1_data\TWBR10810-06_TWB1"
  4.                 cd "C:\TWB_2021\20210811_TWB1_gwas_result"
  5.         }
  6.         if "`dataf'"=="C:\TWB_2021\TWB2_data\TWBR10810-06_TWB2"{
  7.             global data "C:\TWB_2021\TWB2_data\TWBR10810-06_TWB2"
  8.                 cd "C:\TWB_2021\20210811_TWB2_gwas_result"
  9.         }
 10. }
C:\TWB_2021\20210811_TWB1_gwas_result
C:\TWB_2021\20210811_TWB2_gwas_result

. shell "$plink2path" --bfile "${data}" --missing //filter out the data with provided threshold

. log close
      name:  <unnamed>
       log:  C:\Users\user\Documents\GitHub\GWAS\examine_nan.log
  log type:  text
 closed on:  20 Aug 2021, 09:33:53
-----------------------------------------------------------------------------------------------------------------------------
